0 info it worked if it ends with ok
1 verbose cli [ '/usr/local/Cellar/node/6.2.2/bin/node',
1 verbose cli   '/usr/local/bin/npm',
1 verbose cli   'publish' ]
2 info using npm@3.9.5
3 info using node@v6.2.2
4 verbose publish [ '.' ]
5 silly cache add args [ '.', null ]
6 verbose cache add spec .
7 silly cache add parsed spec Result {
7 silly cache add   raw: '.',
7 silly cache add   scope: null,
7 silly cache add   name: null,
7 silly cache add   rawSpec: '.',
7 silly cache add   spec: '/Users/liamegan/Projects/liamgegan/wtc-vector',
7 silly cache add   type: 'directory' }
8 verbose addLocalDirectory /Users/liamegan/.npm/wtc-vector/0.1.0/package.tgz not in flight; packing
9 verbose correctMkdir /Users/liamegan/.npm correctMkdir not in flight; initializing
10 info lifecycle wtc-vector@0.1.0~prepublish: wtc-vector@0.1.0
11 verbose lifecycle wtc-vector@0.1.0~prepublish: unsafe-perm in lifecycle true
12 verbose lifecycle wtc-vector@0.1.0~prepublish: PATH: /usr/local/lib/node_modules/npm/bin/node-gyp-bin:/Users/liamegan/Projects/liamgegan/wtc-vector/node_modules/.bin:/usr/local/Cellar/node/6.2.2/bin:/usr/local/bin:/usr/bin:/bin:/usr/sbin:/sbin:/usr/local/MacGPG2/bin
13 verbose lifecycle wtc-vector@0.1.0~prepublish: CWD: /Users/liamegan/Projects/liamgegan/wtc-vector
14 silly lifecycle wtc-vector@0.1.0~prepublish: Args: [ '-c', 'npm run build' ]
15 silly lifecycle wtc-vector@0.1.0~prepublish: Returned: code: 1  signal: null
16 info lifecycle wtc-vector@0.1.0~prepublish: Failed to exec prepublish script
17 error addLocal Could not install /Users/liamegan/Projects/liamgegan/wtc-vector
18 verbose stack Error: wtc-vector@0.1.0 prepublish: `npm run build`
18 verbose stack Exit status 1
18 verbose stack     at EventEmitter.<anonymous> (/usr/local/lib/node_modules/npm/lib/utils/lifecycle.js:245:16)
18 verbose stack     at emitTwo (events.js:106:13)
18 verbose stack     at EventEmitter.emit (events.js:191:7)
18 verbose stack     at ChildProcess.<anonymous> (/usr/local/lib/node_modules/npm/lib/utils/spawn.js:24:14)
18 verbose stack     at emitTwo (events.js:106:13)
18 verbose stack     at ChildProcess.emit (events.js:191:7)
18 verbose stack     at maybeClose (internal/child_process.js:852:16)
18 verbose stack     at Process.ChildProcess._handle.onexit (internal/child_process.js:215:5)
19 verbose pkgid wtc-vector@0.1.0
20 verbose cwd /Users/liamegan/Projects/liamgegan/wtc-vector
21 error Darwin 15.5.0
22 error argv "/usr/local/Cellar/node/6.2.2/bin/node" "/usr/local/bin/npm" "publish"
23 error node v6.2.2
24 error npm  v3.9.5
25 error code ELIFECYCLE
26 error wtc-vector@0.1.0 prepublish: `npm run build`
26 error Exit status 1
27 error Failed at the wtc-vector@0.1.0 prepublish script 'npm run build'.
27 error Make sure you have the latest version of node.js and npm installed.
27 error If you do, this is most likely a problem with the wtc-vector package,
27 error not with npm itself.
27 error Tell the author that this fails on your system:
27 error     npm run build
27 error You can get information on how to open an issue for this project with:
27 error     npm bugs wtc-vector
27 error Or if that isn't available, you can get their info via:
27 error     npm owner ls wtc-vector
27 error There is likely additional logging output above.
28 verbose exit [ 1, true ]
